# JRE version: Java(TM) SE Runtime Environment (8.0_191-b12) (build 1.8.0_191-b12)
# Java VM: Java HotSpot(TM) 64-Bit Server VM (25.191-b12 mixed mode linux-amd64 compressed oops)
Heap:
 PSYoungGen      total 162304K, used 115708K [0x000000076d400000, 0x000000077b100000, 0x00000007c0000000)
  eden space 151040K, 76% used [0x000000076d400000,0x00000007744ff150,0x0000000776780000)
  from space 11264K, 0% used [0x0000000777280000,0x0000000777280000,0x0000000777d80000)
  to   space 11264K, 0% used [0x0000000776780000,0x0000000776780000,0x0000000777280000)
 ParOldGen       total 148480K, used 11420K [0x00000006c7c00000, 0x00000006d0d00000, 0x000000076d400000)
  object space 148480K, 7% used [0x00000006c7c00000,0x00000006c8727230,0x00000006d0d00000)
 Metaspace       used 42388K, capacity 43700K, committed 44032K, reserved 1087488K
  class space    used 5842K, capacity 6079K, committed 6144K, reserved 1048576K
GC Heap History (10 events):
Event: 1,468 GC heap before
{Heap before GC invocations=4 (full 1):
 PSYoungGen      total 74752K, used 8667K [0x000000076d400000, 0x0000000776600000, 0x00000007c0000000)
  eden space 64512K, 0% used [0x000000076d400000,0x000000076d400000,0x0000000771300000)
  from space 10240K, 84% used [0x0000000771300000,0x0000000771b76d38,0x0000000771d00000)
  to   space 10240K, 0% used [0x0000000775c00000,0x0000000775c00000,0x0000000776600000)
 ParOldGen       total 171008K, used 32K [0x00000006c7c00000, 0x00000006d2300000, 0x000000076d400000)
  object space 171008K, 0% used [0x00000006c7c00000,0x00000006c7c08000,0x00000006d2300000)
 Metaspace       used 20440K, capacity 20996K, committed 21248K, reserved 1067008K
  class space    used 2614K, capacity 2730K, committed 2816K, reserved 1048576K
Event: 1,489 GC heap after
Heap after GC invocations=4 (full 1):
 PSYoungGen      total 74752K, used 0K [0x000000076d400000, 0x0000000776600000, 0x00000007c0000000)
  eden space 64512K, 0% used [0x000000076d400000,0x000000076d400000,0x0000000771300000)
  from space 10240K, 0% used [0x0000000771300000,0x0000000771300000,0x0000000771d00000)
  to   space 10240K, 0% used [0x0000000775c00000,0x0000000775c00000,0x0000000776600000)
 ParOldGen       total 102400K, used 8358K [0x00000006c7c00000, 0x00000006ce000000, 0x000000076d400000)
  object space 102400K, 8% used [0x00000006c7c00000,0x00000006c8429930,0x00000006ce000000)
 Metaspace       used 20440K, capacity 20996K, committed 21248K, reserved 1067008K
  class space    used 2614K, capacity 2730K, committed 2816K, reserved 1048576K
}
Event: 1,914 GC heap before
{Heap before GC invocations=5 (full 1):
 PSYoungGen      total 74752K, used 64512K [0x000000076d400000, 0x0000000776600000, 0x00000007c0000000)
  eden space 64512K, 100% used [0x000000076d400000,0x0000000771300000,0x0000000771300000)
  from space 10240K, 0% used [0x0000000771300000,0x0000000771300000,0x0000000771d00000)
  to   space 10240K, 0% used [0x0000000775c00000,0x0000000775c00000,0x0000000776600000)
 ParOldGen       total 102400K, used 8358K [0x00000006c7c00000, 0x00000006ce000000, 0x000000076d400000)
  object space 102400K, 8% used [0x00000006c7c00000,0x00000006c8429930,0x00000006ce000000)
 Metaspace       used 26464K, capacity 27164K, committed 27520K, reserved 1073152K
  class space    used 3452K, capacity 3605K, committed 3712K, reserved 1048576K
Event: 1,919 GC heap after
Heap after GC invocations=5 (full 1):
 PSYoungGen      total 104960K, used 6130K [0x000000076d400000, 0x0000000776200000, 0x00000007c0000000)
  eden space 98816K, 0% used [0x000000076d400000,0x000000076d400000,0x0000000773480000)
  from space 6144K, 99% used [0x0000000775c00000,0x00000007761fc910,0x0000000776200000)
  to   space 10240K, 0% used [0x0000000774e00000,0x0000000774e00000,0x0000000775800000)
 ParOldGen       total 102400K, used 8366K [0x00000006c7c00000, 0x00000006ce000000, 0x000000076d400000)
  object space 102400K, 8% used [0x00000006c7c00000,0x00000006c842b930,0x00000006ce000000)
 Metaspace       used 26464K, capacity 27164K, committed 27520K, reserved 1073152K
  class space    used 3452K, capacity 3605K, committed 3712K, reserved 1048576K
}
Event: 2,884 GC heap before
{Heap before GC invocations=6 (full 1):
 PSYoungGen      total 104960K, used 104946K [0x000000076d400000, 0x0000000776200000, 0x00000007c0000000)
  eden space 98816K, 100% used [0x000000076d400000,0x0000000773480000,0x0000000773480000)
  from space 6144K, 99% used [0x0000000775c00000,0x00000007761fc910,0x0000000776200000)
  to   space 10240K, 0% used [0x0000000774e00000,0x0000000774e00000,0x0000000775800000)
 ParOldGen       total 102400K, used 8366K [0x00000006c7c00000, 0x00000006ce000000, 0x000000076d400000)
  object space 102400K, 8% used [0x00000006c7c00000,0x00000006c842b930,0x00000006ce000000)
 Metaspace       used 33298K, capacity 34468K, committed 34688K, reserved 1079296K
  class space    used 4465K, capacity 4707K, committed 4736K, reserved 1048576K
Event: 2,899 GC heap after
Heap after GC invocations=6 (full 1):
 PSYoungGen      total 135168K, used 10224K [0x000000076d400000, 0x0000000777d80000, 0x00000007c0000000)
  eden space 124928K, 0% used [0x000000076d400000,0x000000076d400000,0x0000000774e00000)
  from space 10240K, 99% used [0x0000000774e00000,0x00000007757fc130,0x0000000775800000)
  to   space 11264K, 0% used [0x0000000777280000,0x0000000777280000,0x0000000777d80000)
 ParOldGen       total 102400K, used 8467K [0x00000006c7c00000, 0x00000006ce000000, 0x000000076d400000)
  object space 102400K, 8% used [0x00000006c7c00000,0x00000006c8444c20,0x00000006ce000000)
 Metaspace       used 33298K, capacity 34468K, committed 34688K, reserved 1079296K
  class space    used 4465K, capacity 4707K, committed 4736K, reserved 1048576K
}
Event: 3,003 GC heap before
{Heap before GC invocations=7 (full 1):
 PSYoungGen      total 135168K, used 27805K [0x000000076d400000, 0x0000000777d80000, 0x00000007c0000000)
  eden space 124928K, 14% used [0x000000076d400000,0x000000076e52b630,0x0000000774e00000)
  from space 10240K, 99% used [0x0000000774e00000,0x00000007757fc130,0x0000000775800000)
  to   space 11264K, 0% used [0x0000000777280000,0x0000000777280000,0x0000000777d80000)
 ParOldGen       total 102400K, used 8467K [0x00000006c7c00000, 0x00000006ce000000, 0x000000076d400000)
  object space 102400K, 8% used [0x00000006c7c00000,0x00000006c8444c20,0x00000006ce000000)
 Metaspace       used 34171K, capacity 35316K, committed 35416K, reserved 1079296K
  class space    used 4587K, capacity 4817K, committed 4864K, reserved 1048576K
Event: 3,009 GC heap after
Heap after GC invocations=7 (full 1):
 PSYoungGen      total 162304K, used 6196K [0x000000076d400000, 0x000000077b100000, 0x00000007c0000000)
  eden space 151040K, 0% used [0x000000076d400000,0x000000076d400000,0x0000000776780000)
  from space 11264K, 55% used [0x0000000777280000,0x000000077788d308,0x0000000777d80000)
  to   space 11264K, 0% used [0x0000000776780000,0x0000000776780000,0x0000000777280000)
 ParOldGen       total 102400K, used 8475K [0x00000006c7c00000, 0x00000006ce000000, 0x000000076d400000)
  object space 102400K, 8% used [0x00000006c7c00000,0x00000006c8446c20,0x00000006ce000000)
 Metaspace       used 34171K, capacity 35316K, committed 35416K, reserved 1079296K
  class space    used 4587K, capacity 4817K, committed 4864K, reserved 1048576K
}
Event: 3,009 GC heap before
{Heap before GC invocations=8 (full 2):
 PSYoungGen      total 162304K, used 6196K [0x000000076d400000, 0x000000077b100000, 0x00000007c0000000)
  eden space 151040K, 0% used [0x000000076d400000,0x000000076d400000,0x0000000776780000)
  from space 11264K, 55% used [0x0000000777280000,0x000000077788d308,0x0000000777d80000)
  to   space 11264K, 0% used [0x0000000776780000,0x0000000776780000,0x0000000777280000)
 ParOldGen       total 102400K, used 8475K [0x00000006c7c00000, 0x00000006ce000000, 0x000000076d400000)
  object space 102400K, 8% used [0x00000006c7c00000,0x00000006c8446c20,0x00000006ce000000)
 Metaspace       used 34171K, capacity 35316K, committed 35416K, reserved 1079296K
  class space    used 4587K, capacity 4817K, committed 4864K, reserved 1048576K
Event: 3,049 GC heap after
Heap after GC invocations=8 (full 2):
 PSYoungGen      total 162304K, used 0K [0x000000076d400000, 0x000000077b100000, 0x00000007c0000000)
  eden space 151040K, 0% used [0x000000076d400000,0x000000076d400000,0x0000000776780000)
  from space 11264K, 0% used [0x0000000777280000,0x0000000777280000,0x0000000777d80000)
  to   space 11264K, 0% used [0x0000000776780000,0x0000000776780000,0x0000000777280000)
 ParOldGen       total 148480K, used 11420K [0x00000006c7c00000, 0x00000006d0d00000, 0x000000076d400000)
  object space 148480K, 7% used [0x00000006c7c00000,0x00000006c8727230,0x00000006d0d00000)
 Metaspace       used 34171K, capacity 35316K, committed 35416K, reserved 1079296K
  class space    used 4587K, capacity 4817K, committed 4864K, reserved 1048576K
}

