# JRE version: Java(TM) SE Runtime Environment (8.0_191-b12) (build 1.8.0_191-b12)
# Java VM: Java HotSpot(TM) 64-Bit Server VM (25.191-b12 mixed mode linux-amd64 compressed oops)
Heap:
 PSYoungGen      total 154624K, used 81170K [0x000000076d400000, 0x000000077b880000, 0x00000007c0000000)
  eden space 143360K, 56% used [0x000000076d400000,0x00000007723449a0,0x0000000776000000)
  from space 11264K, 0% used [0x0000000776a80000,0x0000000776a80000,0x0000000777580000)
  to   space 10752K, 0% used [0x0000000776000000,0x0000000776000000,0x0000000776a80000)
 ParOldGen       total 141312K, used 11351K [0x00000006c7c00000, 0x00000006d0600000, 0x000000076d400000)
  object space 141312K, 8% used [0x00000006c7c00000,0x00000006c8715ec0,0x00000006d0600000)
 Metaspace       used 39774K, capacity 41056K, committed 41216K, reserved 1085440K
  class space    used 5333K, capacity 5579K, committed 5632K, reserved 1048576K
GC Heap History (10 events):
Event: 1,295 GC heap before
{Heap before GC invocations=4 (full 1):
 PSYoungGen      total 74752K, used 8621K [0x000000076d400000, 0x0000000776600000, 0x00000007c0000000)
  eden space 64512K, 0% used [0x000000076d400000,0x000000076d400000,0x0000000771300000)
  from space 10240K, 84% used [0x0000000771300000,0x0000000771b6b6d0,0x0000000771d00000)
  to   space 10240K, 0% used [0x0000000775c00000,0x0000000775c00000,0x0000000776600000)
 ParOldGen       total 171008K, used 32K [0x00000006c7c00000, 0x00000006d2300000, 0x000000076d400000)
  object space 171008K, 0% used [0x00000006c7c00000,0x00000006c7c08000,0x00000006d2300000)
 Metaspace       used 20421K, capacity 21000K, committed 21248K, reserved 1067008K
  class space    used 2606K, capacity 2730K, committed 2816K, reserved 1048576K
Event: 1,313 GC heap after
Heap after GC invocations=4 (full 1):
 PSYoungGen      total 74752K, used 0K [0x000000076d400000, 0x0000000776600000, 0x00000007c0000000)
  eden space 64512K, 0% used [0x000000076d400000,0x000000076d400000,0x0000000771300000)
  from space 10240K, 0% used [0x0000000771300000,0x0000000771300000,0x0000000771d00000)
  to   space 10240K, 0% used [0x0000000775c00000,0x0000000775c00000,0x0000000776600000)
 ParOldGen       total 103424K, used 8320K [0x00000006c7c00000, 0x00000006ce100000, 0x000000076d400000)
  object space 103424K, 8% used [0x00000006c7c00000,0x00000006c8420050,0x00000006ce100000)
 Metaspace       used 20421K, capacity 21000K, committed 21248K, reserved 1067008K
  class space    used 2606K, capacity 2730K, committed 2816K, reserved 1048576K
}
Event: 1,743 GC heap before
{Heap before GC invocations=5 (full 1):
 PSYoungGen      total 74752K, used 64512K [0x000000076d400000, 0x0000000776600000, 0x00000007c0000000)
  eden space 64512K, 100% used [0x000000076d400000,0x0000000771300000,0x0000000771300000)
  from space 10240K, 0% used [0x0000000771300000,0x0000000771300000,0x0000000771d00000)
  to   space 10240K, 0% used [0x0000000775c00000,0x0000000775c00000,0x0000000776600000)
 ParOldGen       total 103424K, used 8320K [0x00000006c7c00000, 0x00000006ce100000, 0x000000076d400000)
  object space 103424K, 8% used [0x00000006c7c00000,0x00000006c8420050,0x00000006ce100000)
 Metaspace       used 26443K, capacity 27104K, committed 27520K, reserved 1073152K
  class space    used 3452K, capacity 3605K, committed 3712K, reserved 1048576K
Event: 1,747 GC heap after
Heap after GC invocations=5 (full 1):
 PSYoungGen      total 103936K, used 6151K [0x000000076d400000, 0x0000000776280000, 0x00000007c0000000)
  eden space 97280K, 0% used [0x000000076d400000,0x000000076d400000,0x0000000773300000)
  from space 6656K, 92% used [0x0000000775c00000,0x0000000776201c88,0x0000000776280000)
  to   space 10240K, 0% used [0x0000000774e80000,0x0000000774e80000,0x0000000775880000)
 ParOldGen       total 103424K, used 8328K [0x00000006c7c00000, 0x00000006ce100000, 0x000000076d400000)
  object space 103424K, 8% used [0x00000006c7c00000,0x00000006c8422050,0x00000006ce100000)
 Metaspace       used 26443K, capacity 27104K, committed 27520K, reserved 1073152K
  class space    used 3452K, capacity 3605K, committed 3712K, reserved 1048576K
}
Event: 2,835 GC heap before
{Heap before GC invocations=6 (full 1):
 PSYoungGen      total 103936K, used 103431K [0x000000076d400000, 0x0000000776280000, 0x00000007c0000000)
  eden space 97280K, 100% used [0x000000076d400000,0x0000000773300000,0x0000000773300000)
  from space 6656K, 92% used [0x0000000775c00000,0x0000000776201c88,0x0000000776280000)
  to   space 10240K, 0% used [0x0000000774e80000,0x0000000774e80000,0x0000000775880000)
 ParOldGen       total 103424K, used 8328K [0x00000006c7c00000, 0x00000006ce100000, 0x000000076d400000)
  object space 103424K, 8% used [0x00000006c7c00000,0x00000006c8422050,0x00000006ce100000)
 Metaspace       used 33284K, capacity 34440K, committed 34688K, reserved 1079296K
  class space    used 4452K, capacity 4675K, committed 4736K, reserved 1048576K
Event: 2,842 GC heap after
Heap after GC invocations=6 (full 1):
 PSYoungGen      total 135680K, used 9968K [0x000000076d400000, 0x0000000777580000, 0x00000007c0000000)
  eden space 125440K, 0% used [0x000000076d400000,0x000000076d400000,0x0000000774e80000)
  from space 10240K, 97% used [0x0000000774e80000,0x000000077583c390,0x0000000775880000)
  to   space 11264K, 0% used [0x0000000776a80000,0x0000000776a80000,0x0000000777580000)
 ParOldGen       total 103424K, used 8336K [0x00000006c7c00000, 0x00000006ce100000, 0x000000076d400000)
  object space 103424K, 8% used [0x00000006c7c00000,0x00000006c8424050,0x00000006ce100000)
 Metaspace       used 33284K, capacity 34440K, committed 34688K, reserved 1079296K
  class space    used 4452K, capacity 4675K, committed 4736K, reserved 1048576K
}
Event: 2,947 GC heap before
{Heap before GC invocations=7 (full 1):
 PSYoungGen      total 135680K, used 27577K [0x000000076d400000, 0x0000000777580000, 0x00000007c0000000)
  eden space 125440K, 14% used [0x000000076d400000,0x000000076e532188,0x0000000774e80000)
  from space 10240K, 97% used [0x0000000774e80000,0x000000077583c390,0x0000000775880000)
  to   space 11264K, 0% used [0x0000000776a80000,0x0000000776a80000,0x0000000777580000)
 ParOldGen       total 103424K, used 8336K [0x00000006c7c00000, 0x00000006ce100000, 0x000000076d400000)
  object space 103424K, 8% used [0x00000006c7c00000,0x00000006c8424050,0x00000006ce100000)
 Metaspace       used 34123K, capacity 35288K, committed 35416K, reserved 1079296K
  class space    used 4573K, capacity 4785K, committed 4864K, reserved 1048576K
Event: 2,957 GC heap after
Heap after GC invocations=7 (full 1):
 PSYoungGen      total 154624K, used 6196K [0x000000076d400000, 0x000000077b880000, 0x00000007c0000000)
  eden space 143360K, 0% used [0x000000076d400000,0x000000076d400000,0x0000000776000000)
  from space 11264K, 55% used [0x0000000776a80000,0x000000077708d308,0x0000000777580000)
  to   space 10752K, 0% used [0x0000000776000000,0x0000000776000000,0x0000000776a80000)
 ParOldGen       total 103424K, used 8344K [0x00000006c7c00000, 0x00000006ce100000, 0x000000076d400000)
  object space 103424K, 8% used [0x00000006c7c00000,0x00000006c8426050,0x00000006ce100000)
 Metaspace       used 34123K, capacity 35288K, committed 35416K, reserved 1079296K
  class space    used 4573K, capacity 4785K, committed 4864K, reserved 1048576K
}
Event: 2,957 GC heap before
{Heap before GC invocations=8 (full 2):
 PSYoungGen      total 154624K, used 6196K [0x000000076d400000, 0x000000077b880000, 0x00000007c0000000)
  eden space 143360K, 0% used [0x000000076d400000,0x000000076d400000,0x0000000776000000)
  from space 11264K, 55% used [0x0000000776a80000,0x000000077708d308,0x0000000777580000)
  to   space 10752K, 0% used [0x0000000776000000,0x0000000776000000,0x0000000776a80000)
 ParOldGen       total 103424K, used 8344K [0x00000006c7c00000, 0x00000006ce100000, 0x000000076d400000)
  object space 103424K, 8% used [0x00000006c7c00000,0x00000006c8426050,0x00000006ce100000)
 Metaspace       used 34123K, capacity 35288K, committed 35416K, reserved 1079296K
  class space    used 4573K, capacity 4785K, committed 4864K, reserved 1048576K
Event: 2,994 GC heap after
Heap after GC invocations=8 (full 2):
 PSYoungGen      total 154624K, used 0K [0x000000076d400000, 0x000000077b880000, 0x00000007c0000000)
  eden space 143360K, 0% used [0x000000076d400000,0x000000076d400000,0x0000000776000000)
  from space 11264K, 0% used [0x0000000776a80000,0x0000000776a80000,0x0000000777580000)
  to   space 10752K, 0% used [0x0000000776000000,0x0000000776000000,0x0000000776a80000)
 ParOldGen       total 141312K, used 11351K [0x00000006c7c00000, 0x00000006d0600000, 0x000000076d400000)
  object space 141312K, 8% used [0x00000006c7c00000,0x00000006c8715ec0,0x00000006d0600000)
 Metaspace       used 34123K, capacity 35288K, committed 35416K, reserved 1079296K
  class space    used 4573K, capacity 4785K, committed 4864K, reserved 1048576K
}

